<?xml version="1.0" encoding="UTF-8"?>
<!-- Generated by org.testng.reporters.JUnitReportReporter -->
<testsuite hostname="LIN-5CD435GHF6" failures="0" tests="2" name="tests.LoginTest" time="42.382" errors="0" timestamp="2025-07-31T10:01:41 IST" skipped="0">
  <testcase classname="tests.LoginTest" name="loginWithMultipleUsers" time="19.641"/>
  <testcase classname="tests.LoginTest" name="loginWithMultipleUsers" time="22.741"/>
</testsuite> <!-- tests.LoginTest -->
