<?xml version="1.0" encoding="UTF-8"?>
<!-- Generated by org.testng.reporters.JUnitReportReporter -->
<testsuite hostname="DESKTOP-VVEV59N" failures="0" tests="1" name="tests.SearchAndFilterProducts" time="14.324" errors="0" timestamp="2025-07-31T12:37:28 IST" skipped="0">
  <testcase classname="tests.SearchAndFilterProducts" name="testSearchAndFilterProducts" time="14.324"/>
</testsuite> <!-- tests.SearchAndFilterProducts -->
