<?xml version="1.0" encoding="UTF-8"?>
<!-- Generated by org.testng.reporters.JUnitReportReporter -->
<testsuite hostname="DESKTOP-VVEV59N" failures="0" tests="2" name="tests.TestCase02_LoginUser" time="7.640" errors="0" timestamp="2025-08-01T13:26:11 IST" skipped="0">
  <testcase classname="tests.TestCase02_LoginUser" name="loginWithInvalidCredentials" time="2.541"/>
  <testcase classname="tests.TestCase02_LoginUser" name="loginWithValidCredentials" time="5.099"/>
</testsuite> <!-- tests.TestCase02_LoginUser -->
