<?xml version="1.0" encoding="UTF-8"?>
<!-- Generated by org.testng.reporters.JUnitReportReporter -->
<testsuite hostname="DESKTOP-VVEV59N" failures="0" tests="2" name="tests.TestCase02_LoginUser" time="8.173" errors="0" timestamp="2025-07-31T19:44:06 IST" skipped="0">
  <testcase classname="tests.TestCase02_LoginUser" name="loginWithInvalidCredentials" time="2.378"/>
  <testcase classname="tests.TestCase02_LoginUser" name="loginWithValidCredentials" time="5.795"/>
</testsuite> <!-- tests.TestCase02_LoginUser -->
