<?xml version="1.0" encoding="UTF-8"?>
<!-- Generated by org.testng.reporters.JUnitReportReporter -->
<testsuite hostname="DESKTOP-VVEV59N" failures="0" tests="2" name="tests.LoginTest" time="34.840" errors="0" timestamp="2025-07-31T11:42:42 IST" skipped="0">
  <testcase classname="tests.LoginTest" name="loginWithMultipleUsers" time="26.386"/>
  <testcase classname="tests.LoginTest" name="loginWithMultipleUsers" time="8.454"/>
</testsuite> <!-- tests.LoginTest -->
