<?xml version="1.0" encoding="UTF-8"?>
<!-- Generated by org.testng.reporters.JUnitReportReporter -->
<testsuite hostname="DESKTOP-VVEV59N" failures="0" tests="1" name="tests.SearchAndFilterProducts" time="14.299" errors="0" timestamp="2025-08-01T13:26:11 IST" skipped="0">
  <testcase classname="tests.SearchAndFilterProducts" name="testSearchAndFilterProducts" time="14.299"/>
</testsuite> <!-- tests.SearchAndFilterProducts -->
