<?xml version="1.0" encoding="UTF-8"?>
<!-- Generated by org.testng.reporters.JUnitReportReporter -->
<testsuite hostname="LIN-5CD435GHF6" failures="0" tests="2" name="tests.LoginTest" time="26.544" errors="0" timestamp="2025-07-30T14:44:00 IST" skipped="0">
  <testcase classname="tests.LoginTest" name="loginWithMultipleUsers" time="11.900"/>
  <testcase classname="tests.LoginTest" name="loginWithMultipleUsers" time="14.644"/>
</testsuite> <!-- tests.LoginTest -->
